<?xml version="1.0" encoding="UTF-8"?>
<testng-results skipped="0" failed="0" ignored="0" total="3" passed="3">
  <reporter-output>
  </reporter-output>
  <suite name="Sanity" duration-ms="23728" started-at="2019-03-24T06:46:09Z" finished-at="2019-03-24T06:46:33Z">
    <groups>
    </groups>
    <test name="Sanity" duration-ms="23728" started-at="2019-03-24T06:46:09Z" finished-at="2019-03-24T06:46:33Z">
      <class name="Selenium_Docker.Selenium_Docker.GoogleSearchChrome">
        <test-method status="PASS" signature="setup()[pri:0, instance:Selenium_Docker.Selenium_Docker.GoogleSearchChrome@3d43fe]" name="setup" is-config="true" duration-ms="1432" started-at="2019-03-24T06:46:10Z" finished-at="2019-03-24T06:46:11Z">
          <reporter-output>
          </reporter-output>
        </test-method> <!-- setup -->
        <test-method status="PASS" signature="googlesearch()[pri:0, instance:Selenium_Docker.Selenium_Docker.GoogleSearchChrome@3d43fe]" name="googlesearch" duration-ms="7832" started-at="2019-03-24T06:46:11Z" finished-at="2019-03-24T06:46:19Z">
          <reporter-output>
          </reporter-output>
        </test-method> <!-- googlesearch -->
        <test-method status="PASS" signature="googlesearch1()[pri:0, instance:Selenium_Docker.Selenium_Docker.GoogleSearchChrome@3d43fe]" name="googlesearch1" duration-ms="7134" started-at="2019-03-24T06:46:19Z" finished-at="2019-03-24T06:46:26Z">
          <reporter-output>
          </reporter-output>
        </test-method> <!-- googlesearch1 -->
        <test-method status="PASS" signature="googlesearch2()[pri:0, instance:Selenium_Docker.Selenium_Docker.GoogleSearchChrome@3d43fe]" name="googlesearch2" duration-ms="7259" started-at="2019-03-24T06:46:26Z" finished-at="2019-03-24T06:46:33Z">
          <reporter-output>
          </reporter-output>
        </test-method> <!-- googlesearch2 -->
        <test-method status="PASS" signature="tearDown()[pri:0, instance:Selenium_Docker.Selenium_Docker.GoogleSearchChrome@3d43fe]" name="tearDown" is-config="true" duration-ms="60" started-at="2019-03-24T06:46:33Z" finished-at="2019-03-24T06:46:33Z">
          <reporter-output>
          </reporter-output>
        </test-method> <!-- tearDown -->
      </class> <!-- Selenium_Docker.Selenium_Docker.GoogleSearchChrome -->
    </test> <!-- Sanity -->
  </suite> <!-- Sanity -->
</testng-results>
