<?xml version="1.0" encoding="UTF-8"?>
<testsuite xmlns:xsi="http://www.w3.org/2001/XMLSchema-instance" xsi:noNamespaceSchemaLocation="https://maven.apache.org/surefire/maven-surefire-plugin/xsd/surefire-test-report-3.0.xsd" version="3.0" name="TestSuite" time="24.196" tests="3" errors="0" skipped="0" failures="0">
  <properties>
[...]
</properties>
  <testcase name="googlesearch" classname="Selenium_Docker.Selenium_Docker.GoogleSearchChrome" time="7.832"/>
  <testcase name="googlesearch1" classname="Selenium_Docker.Selenium_Docker.GoogleSearchChrome" time="7.134"/>
  <testcase name="googlesearch2" classname="Selenium_Docker.Selenium_Docker.GoogleSearchChrome" time="7.259"/>
</testsuite>