<?xml version="1.0" encoding="UTF-8"?>
<!-- Generated by org.testng.reporters.JUnitXMLReporter -->
<testsuite hostname="DESKTOP-KMFJ2QA" ignored="0" name="Sanity2" tests="1" failures="1" timestamp="03 Apr 2019 15:13:57 GMT" time="6.808" errors="0">
  <testcase name="DownloadTest" time="5.797" classname="Sanity.DownloadTest">
    <failure type="org.openqa.selenium.ElementNotInteractableException" message="element not interactable
  (Session info: chrome=73.0.3683.75)
  (Driver info: chromedriver=73.0.3683.68 (47787ec04b6e38e22703e856e101e840b65afe72),platform=Linux 4.9.125-linuxkit x86_64) (WARNING: The server did not provide any stacktrace information)
Command duration or timeout: 44 milliseconds
Build info: version: &amp;apos;3.0.0&amp;apos;, revision: &amp;apos;350cf60&amp;apos;, time: &amp;apos;2016-10-13 10:48:57 -0700&amp;apos;
System info: host: &amp;apos;DESKTOP-KMFJ2QA&amp;apos;, ip: &amp;apos;10.0.75.1&amp;apos;, os.name: &amp;apos;Windows 10&amp;apos;, os.arch: &amp;apos;amd64&amp;apos;, os.version: &amp;apos;10.0&amp;apos;, java.version: &amp;apos;1.8.0_201&amp;apos;
Driver info: org.openqa.selenium.remote.RemoteWebDriver
Capabilities [{mobileEmulationEnabled=false, timeouts={implicit=0, pageLoad=300000, script=30000}, hasTouchScreen=false, platform=LINUX, acceptSslCerts=false, goog:chromeOptions={debuggerAddress=localhost:46753}, acceptInsecureCerts=false, webStorageEnabled=true, browserName=chrome, takesScreenshot=true, javascriptEnabled=true, setWindowRect=true, unexpectedAlertBehaviour=ignore, applicationCacheEnabled=false, rotatable=false, networkConnectionEnabled=false, chrome={chromedriverVersion=73.0.3683.68 (47787ec04b6e38e22703e856e101e840b65afe72), userDataDir=/tmp/.com.google.Chrome.6Faurl}, takesHeapSnapshot=true, pageLoadStrategy=normal, strictFileInteractability=false, databaseEnabled=false, handlesAlerts=true, version=73.0.3683.75, browserConnectionEnabled=false, proxy={}, nativeEvents=true, webdriver.remote.sessionid=aa69023deddc8665de9f1232fe4c0e6a, locationContextEnabled=true, cssSelectorsEnabled=true}]
Session ID: aa69023deddc8665de9f1232fe4c0e6a">
      <![CDATA[org.openqa.selenium.ElementNotInteractableException: element not interactable
  (Session info: chrome=73.0.3683.75)
  (Driver info: chromedriver=73.0.3683.68 (47787ec04b6e38e22703e856e101e840b65afe72),platform=Linux 4.9.125-linuxkit x86_64) (WARNING: The server did not provide any stacktrace information)
Command duration or timeout: 44 milliseconds
Build info: version: '3.0.0', revision: '350cf60', time: '2016-10-13 10:48:57 -0700'
System info: host: 'DESKTOP-KMFJ2QA', ip: '10.0.75.1', os.name: 'Windows 10', os.arch: 'amd64', os.version: '10.0', java.version: '1.8.0_201'
Driver info: org.openqa.selenium.remote.RemoteWebDriver
Capabilities [{mobileEmulationEnabled=false, timeouts={implicit=0, pageLoad=300000, script=30000}, hasTouchScreen=false, platform=LINUX, acceptSslCerts=false, goog:chromeOptions={debuggerAddress=localhost:46753}, acceptInsecureCerts=false, webStorageEnabled=true, browserName=chrome, takesScreenshot=true, javascriptEnabled=true, setWindowRect=true, unexpectedAlertBehaviour=ignore, applicationCacheEnabled=false, rotatable=false, networkConnectionEnabled=false, chrome={chromedriverVersion=73.0.3683.68 (47787ec04b6e38e22703e856e101e840b65afe72), userDataDir=/tmp/.com.google.Chrome.6Faurl}, takesHeapSnapshot=true, pageLoadStrategy=normal, strictFileInteractability=false, databaseEnabled=false, handlesAlerts=true, version=73.0.3683.75, browserConnectionEnabled=false, proxy={}, nativeEvents=true, webdriver.remote.sessionid=aa69023deddc8665de9f1232fe4c0e6a, locationContextEnabled=true, cssSelectorsEnabled=true}]
Session ID: aa69023deddc8665de9f1232fe4c0e6a
at org.openqa.selenium.remote.ErrorHandler.createThrowable(ErrorHandler.java:216)
at org.openqa.selenium.remote.ErrorHandler.throwIfResponseFailed(ErrorHandler.java:168)
at org.openqa.selenium.remote.RemoteWebDriver.execute(RemoteWebDriver.java:635)
at org.openqa.selenium.remote.RemoteWebElement.execute(RemoteWebElement.java:274)
at org.openqa.selenium.remote.RemoteWebElement.sendKeys(RemoteWebElement.java:98)
at org.openqa.selenium.support.pagefactory.internal.LocatingElementHandler.invoke(LocatingElementHandler.java:51)
at com.sun.proxy.$Proxy7.sendKeys(Unknown Source)
at LoginPages.LoginPage.enterUserCredentials(LoginPage.java:50)
at Sanity.DownloadTest.DownloadTest(DownloadTest.java:24)
at java.util.concurrent.FutureTask.run(Unknown Source)
at java.util.concurrent.ThreadPoolExecutor.runWorker(Unknown Source)
at java.util.concurrent.ThreadPoolExecutor$Worker.run(Unknown Source)
at java.lang.Thread.run(Unknown Source)
... Removed 24 stack frames]]>
    </failure>
  </testcase> <!-- DownloadTest -->
</testsuite> <!-- Sanity2 -->
