<?xml version="1.0" encoding="UTF-8"?>
<!-- Generated by org.testng.reporters.JUnitXMLReporter -->
<testsuite hostname="DESKTOP-KMFJ2QA" ignored="0" name="Sanity" tests="4" failures="0" timestamp="24 Mar 2019 10:26:39 GMT" time="31.323" errors="0">
  <testcase name="googlesearch" time="7.981" classname="Selenium_Docker.Selenium_Docker.GoogleSearchChrome"/>
  <testcase name="googlesearch1" time="6.99" classname="Selenium_Docker.Selenium_Docker.GoogleSearchChrome"/>
  <testcase name="googlesearch2" time="7.356" classname="Selenium_Docker.Selenium_Docker.GoogleSearchChrome"/>
  <testcase name="googlesearch3" time="7.468" classname="Selenium_Docker.Selenium_Docker.GoogleSearchChrome"/>
</testsuite> <!-- Sanity -->
