<?xml version="1.0" encoding="UTF-8"?>
<testng-results skipped="0" failed="0" ignored="0" total="1" passed="1">
  <reporter-output>
  </reporter-output>
  <suite name="Default suite" duration-ms="28029" started-at="2019-04-04T09:48:30Z" finished-at="2019-04-04T09:48:58Z">
    <groups>
    </groups>
    <test name="Default test" duration-ms="28029" started-at="2019-04-04T09:48:30Z" finished-at="2019-04-04T09:48:58Z">
      <class name="Sanity.DownloadTest">
        <test-method status="PASS" signature="setupDriver()[pri:0, instance:Sanity.DownloadTest@604ed9f0]" name="setupDriver" is-config="true" duration-ms="963" started-at="2019-04-04T09:48:30Z" finished-at="2019-04-04T09:48:31Z">
          <reporter-output>
          </reporter-output>
        </test-method> <!-- setupDriver -->
        <test-method status="PASS" signature="DownloadTest()[pri:0, instance:Sanity.DownloadTest@604ed9f0]" name="DownloadTest" duration-ms="26848" started-at="2019-04-04T09:48:31Z" finished-at="2019-04-04T09:48:58Z">
          <reporter-output>
          </reporter-output>
        </test-method> <!-- DownloadTest -->
        <test-method status="PASS" signature="quitDriver()[pri:0, instance:Sanity.DownloadTest@604ed9f0]" name="quitDriver" is-config="true" duration-ms="205" started-at="2019-04-04T09:48:58Z" finished-at="2019-04-04T09:48:58Z">
          <reporter-output>
          </reporter-output>
        </test-method> <!-- quitDriver -->
      </class> <!-- Sanity.DownloadTest -->
    </test> <!-- Default test -->
  </suite> <!-- Default suite -->
</testng-results>
