<?xml version="1.0" encoding="UTF-8"?>
<!-- Generated by org.testng.reporters.JUnitXMLReporter -->
<testsuite hostname="DESKTOP-KMFJ2QA" ignored="0" name="Sanity" tests="3" failures="0" timestamp="24 Mar 2019 06:46:33 GMT" time="23.728" errors="0">
  <testcase name="googlesearch" time="7.832" classname="Selenium_Docker.Selenium_Docker.GoogleSearchChrome"/>
  <testcase name="googlesearch1" time="7.134" classname="Selenium_Docker.Selenium_Docker.GoogleSearchChrome"/>
  <testcase name="googlesearch2" time="7.259" classname="Selenium_Docker.Selenium_Docker.GoogleSearchChrome"/>
</testsuite> <!-- Sanity -->
